<?xml version="1.0" encoding="UTF-8"?>
<!-- Generated by org.testng.reporters.JUnitReportReporter -->
<testsuite hostname="DESKTOP-6LKFOD8" failures="0" tests="3" name="HomePageTest" time="56.821" errors="0" timestamp="2025-08-01T12:19:14 IST" skipped="0">
  <testcase classname="HomePageTest" name="testContactUsDisplayed" time="15.793"/>
  <testcase classname="HomePageTest" name="testTrendingAndOriginalMoviesDisplayed" time="27.783"/>
  <testcase classname="HomePageTest" name="TestHomePageHeading" time="13.245"/>
</testsuite> <!-- HomePageTest -->
