<?xml version="1.0" encoding="UTF-8"?>
<!-- Generated by org.testng.reporters.JUnitReportReporter -->
<testsuite hostname="DESKTOP-6LKFOD8" failures="0" tests="2" name="MovieDetailsPageTest" time="46.577" errors="0" timestamp="2025-08-01T12:19:14 IST" skipped="0">
  <testcase classname="MovieDetailsPageTest" name="TestMovieDetailPage" time="29.829"/>
  <testcase classname="MovieDetailsPageTest" name="TestMovieDetailTrending" time="16.748"/>
</testsuite> <!-- MovieDetailsPageTest -->
