<?xml version="1.0" encoding="UTF-8"?>
<!-- Generated by org.testng.reporters.JUnitReportReporter -->
<testsuite hostname="DESKTOP-6LKFOD8" failures="0" tests="2" name="AccountPageTest" time="45.509" errors="0" timestamp="2025-08-01T12:19:14 IST" skipped="0">
  <testcase classname="AccountPageTest" name="TestAccountPageUiElements" time="28.626"/>
  <testcase classname="AccountPageTest" name="LogOutFunctionality" time="16.883"/>
</testsuite> <!-- AccountPageTest -->
