<?xml version="1.0" encoding="UTF-8"?>
<!-- Generated by org.testng.reporters.JUnitReportReporter -->
<testsuite hostname="DESKTOP-6LKFOD8" failures="0" tests="2" name="HeaderSection" time="46.627" errors="0" timestamp="2025-08-01T12:19:14 IST" skipped="0">
  <testcase classname="HeaderSection" name="HeaderSectionUI" time="23.296"/>
  <testcase classname="HeaderSection" name="HeaderSectionFunctionalities" time="23.331"/>
</testsuite> <!-- HeaderSection -->
