<?xml version="1.0" encoding="UTF-8"?>
<!-- Generated by org.testng.reporters.JUnitReportReporter -->
<testsuite hostname="DESKTOP-6LKFOD8" failures="0" tests="6" name="LogInPageTest" time="68.626" errors="0" timestamp="2025-08-01T12:19:14 IST" skipped="0">
  <testcase classname="LogInPageTest" name="testLogInPageUI" time="21.598"/>
  <testcase classname="LogInPageTest" name="testLogInPageWithEmptyInputs" time="7.649"/>
  <testcase classname="LogInPageTest" name="testLogInWithEmptyUserName" time="6.624"/>
  <testcase classname="LogInPageTest" name="testLogInPageWithEmptyPassWord" time="4.048"/>
  <testcase classname="LogInPageTest" name="testLogInPageWithInvalidCredentials" time="15.488"/>
  <testcase classname="LogInPageTest" name="testLogInPageWithValidCredentials" time="13.219"/>
</testsuite> <!-- LogInPageTest -->
