<?xml version="1.0" encoding="UTF-8"?>
<!-- Generated by org.testng.reporters.JUnitReportReporter -->
<testsuite hostname="DESKTOP-6LKFOD8" failures="0" tests="2" name="SearchPageTest" time="56.407" errors="0" timestamp="2025-08-01T12:19:14 IST" skipped="0">
  <testcase classname="SearchPageTest" name="SearchFunctionality" time="29.947"/>
  <testcase classname="SearchPageTest" name="FailureSearchFunctionality" time="26.460"/>
</testsuite> <!-- SearchPageTest -->
